GNU gdb (Ubuntu 7.11.1-0ubuntu1~16.5) 7.11.1
Copyright (C) 2016 Free Software Foundation, Inc.
License GPLv3+: GNU GPL version 3 or later <http://gnu.org/licenses/gpl.html>
This is free software: you are free to change and redistribute it.
There is NO WARRANTY, to the extent permitted by law.  Type "show copying"
and "show warranty" for details.
This GDB was configured as "x86_64-linux-gnu".
Type "show configuration" for configuration details.
For bug reporting instructions, please see:
<http://www.gnu.org/software/gdb/bugs/>.
Find the GDB manual and other documentation resources online at:
<http://www.gnu.org/software/gdb/documentation/>.
For help, type "help".
Type "apropos word" to search for commands related to "word".
[New LWP 3666]
Core was generated by `/usr/games/crossfire/bin/crossfire'.
Program terminated with signal SIGABRT, Aborted.
#0  0xf7f7ddc9 in ?? ()
#0  0xf7f7ddc9 in ?? ()
No symbol table info available.
#1  0x08080b6e in rec_sigsegv (i=11) at init.c:911
No locals.
#2  <signal handler called>
No symbol table info available.
#3  SetUp (buf=0x41414141 <error: Cannot access memory at address 0x41414141>, len=4276545, ns=0xf7ca3d40) at request.c:129
        s = 4387
        cmd = <optimized out>
        param = <optimized out>
        cmdback = "setup sound /.:/", 'A' <repeats 4080 times>
#4  0x41414141 in ?? ()
No symbol table info available.
#5  0x41414141 in ?? ()
No symbol table info available.
#6  0x00414141 in ?? ()
No symbol table info available.
#7  0xf7ca3d40 in ?? ()
No symbol table info available.
Backtrace stopped: previous frame inner to this frame (corrupt stack?)
#3  SetUp (buf=0x41414141 <error: Cannot access memory at address 0x41414141>, len=4276545, ns=0xf7ca3d40) at request.c:129
129	request.c: Permission denied.
eax            0xffbb4030	-4505552
ecx            0x41415264	1094799972
edx            0x414141	4276545
ebx            0x1123	4387
esp            0xffbb4000	0xffbb4000
ebp            0xffbb5148	0xffbb5148
esi            0xf7ca3d40	-137740992
edi            0x8133161	135475553
eip            0x8101323	0x8101323 <SetUp+99>
eflags         0x206	[ PF IF ]
cs             0x23	35
ss             0x2b	43
ds             0x2b	43
es             0x2b	43
fs             0x0	0
gs             0x63	99
0x8101323 <SetUp+99>:	0x3c01b60f
